CRITICAL:root:Using seed 4053595784.000000
CRITICAL:root:Model Parameters:
CRITICAL:root:{'n_units': (30, 20), 'n_inputs': 54, 'activation_function': <function swish at 0x000001BB78ED0AF8>, 'n_actions': 2, 'weights_file_path': './trained_models/model_weights', 'trained_model_file_path': './trained_models/trained_model', 'seed': 4053595784}
CRITICAL:root:Training param:
CRITICAL:root:{'max_steps_per_episode': 3000, 'max_episodes': 500, 'final_return': 4000, 'show_plots_when_training': False, 'plot_freq': 50, 'simulation_timesteps': 500, 'STEP_TIME': 20, 'gamma': 0.99, 'clip_gradients': True, 'clip_norm': 2, 'standardise_returns': True, 'learning_rate': 5e-05, 'optimiser_name': 'ADAM', 'optimiser': <tensorflow.python.keras.optimizer_v2.adam.Adam object at 0x000001BB7D081248>, 'loss_func': <tensorflow.python.keras.losses.Huber object at 0x000001BB7D42FB88>, 'seed': 4053595784, 'reward_weights': array([ 1.1,  0. ,  0. ,  0.6, -5. ])}
CRITICAL:root:Episode number: 1.00
CRITICAL:root:Episode number: 2.00
CRITICAL:root:Episode number: 3.00
CRITICAL:root:Episode number: 4.00
CRITICAL:root:Episode number: 5.00
CRITICAL:root:Running reward = 115.69 at episode 5. Loss = -34.80
CRITICAL:root:Episode number: 6.00
CRITICAL:root:Episode number: 7.00
CRITICAL:root:Episode number: 8.00
CRITICAL:root:Episode number: 9.00
CRITICAL:root:Episode number: 10.00
CRITICAL:root:Running reward = 215.64 at episode 10. Loss = -36.83
CRITICAL:root:Episode number: 11.00
CRITICAL:root:Episode number: 12.00
CRITICAL:root:Episode number: 13.00
CRITICAL:root:Episode number: 14.00
CRITICAL:root:Episode number: 15.00
CRITICAL:root:Running reward = 310.82 at episode 15. Loss = -40.72
CRITICAL:root:Episode number: 16.00
CRITICAL:root:Episode number: 17.00
CRITICAL:root:Episode number: 18.00
CRITICAL:root:Episode number: 19.00
CRITICAL:root:Episode number: 20.00
CRITICAL:root:Running reward = 364.48 at episode 20. Loss = -42.14
CRITICAL:root:Episode number: 21.00
CRITICAL:root:Episode number: 22.00
CRITICAL:root:Episode number: 23.00
CRITICAL:root:Episode number: 24.00
CRITICAL:root:Episode number: 25.00
CRITICAL:root:Running reward = 410.53 at episode 25. Loss = -46.36
CRITICAL:root:Episode number: 26.00
CRITICAL:root:Episode number: 27.00
CRITICAL:root:Episode number: 28.00
CRITICAL:root:Episode number: 29.00
CRITICAL:root:Episode number: 30.00
CRITICAL:root:Running reward = 454.90 at episode 30. Loss = -32.95
CRITICAL:root:Episode number: 31.00
CRITICAL:root:Episode number: 32.00
CRITICAL:root:Episode number: 33.00
CRITICAL:root:Episode number: 34.00
CRITICAL:root:Episode number: 35.00
CRITICAL:root:Running reward = 521.03 at episode 35. Loss = -40.12
CRITICAL:root:Episode number: 36.00
CRITICAL:root:Episode number: 37.00
CRITICAL:root:Episode number: 38.00
CRITICAL:root:Episode number: 39.00
CRITICAL:root:Episode number: 40.00
CRITICAL:root:Running reward = 556.44 at episode 40. Loss = -38.93
CRITICAL:root:Episode number: 41.00
CRITICAL:root:Episode number: 42.00
CRITICAL:root:Episode number: 43.00
CRITICAL:root:Episode number: 44.00
CRITICAL:root:Episode number: 45.00
CRITICAL:root:Running reward = 556.28 at episode 45. Loss = -41.23
CRITICAL:root:Episode number: 46.00
CRITICAL:root:Episode number: 47.00
CRITICAL:root:Episode number: 48.00
CRITICAL:root:Episode number: 49.00
CRITICAL:root:Episode number: 50.00
CRITICAL:root:Running reward = 560.25 at episode 50. Loss = -46.58
CRITICAL:root:Episode number: 51.00
CRITICAL:root:Episode number: 52.00
CRITICAL:root:Episode number: 53.00
CRITICAL:root:Episode number: 54.00
CRITICAL:root:Episode number: 55.00
CRITICAL:root:Running reward = 546.65 at episode 55. Loss = -35.21
CRITICAL:root:Episode number: 56.00
CRITICAL:root:Episode number: 57.00
CRITICAL:root:Episode number: 58.00
CRITICAL:root:Episode number: 59.00
CRITICAL:root:Episode number: 60.00
CRITICAL:root:Running reward = 561.33 at episode 60. Loss = -50.38
CRITICAL:root:Episode number: 61.00
CRITICAL:root:Episode number: 62.00
CRITICAL:root:Episode number: 63.00
CRITICAL:root:Episode number: 64.00
CRITICAL:root:Episode number: 65.00
CRITICAL:root:Running reward = 593.30 at episode 65. Loss = -43.70
CRITICAL:root:Episode number: 66.00
CRITICAL:root:Episode number: 67.00
CRITICAL:root:Episode number: 68.00
CRITICAL:root:Episode number: 69.00
CRITICAL:root:Episode number: 70.00
CRITICAL:root:Running reward = 589.02 at episode 70. Loss = -54.61
CRITICAL:root:Episode number: 71.00
CRITICAL:root:Episode number: 72.00
CRITICAL:root:Episode number: 73.00
CRITICAL:root:Episode number: 74.00
CRITICAL:root:Episode number: 75.00
CRITICAL:root:Running reward = 564.95 at episode 75. Loss = -69.76
CRITICAL:root:Episode number: 76.00
CRITICAL:root:Episode number: 77.00
CRITICAL:root:Episode number: 78.00
CRITICAL:root:Episode number: 79.00
CRITICAL:root:Episode number: 80.00
CRITICAL:root:Running reward = 588.06 at episode 80. Loss = -57.43
CRITICAL:root:Episode number: 81.00
CRITICAL:root:Episode number: 82.00
CRITICAL:root:Episode number: 83.00
CRITICAL:root:Episode number: 84.00
CRITICAL:root:Episode number: 85.00
CRITICAL:root:Running reward = 574.97 at episode 85. Loss = -67.98
CRITICAL:root:Episode number: 86.00
CRITICAL:root:Episode number: 87.00
CRITICAL:root:Episode number: 88.00
CRITICAL:root:Episode number: 89.00
CRITICAL:root:Episode number: 90.00
CRITICAL:root:Running reward = 628.35 at episode 90. Loss = -68.09
CRITICAL:root:Episode number: 91.00
CRITICAL:root:Episode number: 92.00
CRITICAL:root:Episode number: 93.00
CRITICAL:root:Episode number: 94.00
CRITICAL:root:Episode number: 95.00
CRITICAL:root:Running reward = 621.16 at episode 95. Loss = -61.42
CRITICAL:root:Episode number: 96.00
CRITICAL:root:Episode number: 97.00
CRITICAL:root:Episode number: 98.00
CRITICAL:root:Episode number: 99.00
CRITICAL:root:Episode number: 100.00
CRITICAL:root:Running reward = 630.72 at episode 100. Loss = -53.12
CRITICAL:root:Episode number: 101.00
CRITICAL:root:Episode number: 102.00
CRITICAL:root:Episode number: 103.00
CRITICAL:root:Episode number: 104.00
CRITICAL:root:Episode number: 105.00
CRITICAL:root:Running reward = 663.55 at episode 105. Loss = -81.27
CRITICAL:root:Episode number: 106.00
CRITICAL:root:Episode number: 107.00
CRITICAL:root:Episode number: 108.00
CRITICAL:root:Episode number: 109.00
CRITICAL:root:Episode number: 110.00
CRITICAL:root:Running reward = 648.98 at episode 110. Loss = -72.51
CRITICAL:root:Episode number: 111.00
CRITICAL:root:Episode number: 112.00
CRITICAL:root:Episode number: 113.00
CRITICAL:root:Episode number: 114.00
CRITICAL:root:Episode number: 115.00
CRITICAL:root:Running reward = 627.71 at episode 115. Loss = -78.56
CRITICAL:root:Episode number: 116.00
CRITICAL:root:Episode number: 117.00
CRITICAL:root:Episode number: 118.00
CRITICAL:root:Episode number: 119.00
CRITICAL:root:Episode number: 120.00
CRITICAL:root:Running reward = 613.68 at episode 120. Loss = -86.40
CRITICAL:root:Episode number: 121.00
CRITICAL:root:Episode number: 122.00
CRITICAL:root:Episode number: 123.00
CRITICAL:root:Episode number: 124.00
CRITICAL:root:Episode number: 125.00
CRITICAL:root:Running reward = 639.09 at episode 125. Loss = -67.45
CRITICAL:root:Episode number: 126.00
CRITICAL:root:Collision. At episode 126.000000
CRITICAL:root:Episode number: 127.00
CRITICAL:root:Episode number: 128.00
CRITICAL:root:Episode number: 129.00
CRITICAL:root:Episode number: 130.00
CRITICAL:root:Running reward = 612.95 at episode 130. Loss = -83.05
CRITICAL:root:Episode number: 131.00
CRITICAL:root:Episode number: 132.00
CRITICAL:root:Episode number: 133.00
CRITICAL:root:Episode number: 134.00
CRITICAL:root:Episode number: 135.00
CRITICAL:root:Running reward = 587.91 at episode 135. Loss = -88.67
CRITICAL:root:Episode number: 136.00
CRITICAL:root:Episode number: 137.00
CRITICAL:root:Episode number: 138.00
CRITICAL:root:Episode number: 139.00
CRITICAL:root:Episode number: 140.00
CRITICAL:root:Running reward = 605.95 at episode 140. Loss = -102.67
CRITICAL:root:Episode number: 141.00
CRITICAL:root:Episode number: 142.00
CRITICAL:root:Episode number: 143.00
CRITICAL:root:Episode number: 144.00
CRITICAL:root:Episode number: 145.00
CRITICAL:root:Running reward = 594.98 at episode 145. Loss = -81.30
CRITICAL:root:Episode number: 146.00
CRITICAL:root:Episode number: 147.00
CRITICAL:root:Episode number: 148.00
CRITICAL:root:Episode number: 149.00
CRITICAL:root:Episode number: 150.00
CRITICAL:root:Running reward = 615.00 at episode 150. Loss = -77.74
CRITICAL:root:Episode number: 151.00
CRITICAL:root:Episode number: 152.00
CRITICAL:root:Episode number: 153.00
CRITICAL:root:Episode number: 154.00
CRITICAL:root:Episode number: 155.00
CRITICAL:root:Running reward = 625.55 at episode 155. Loss = -76.36
CRITICAL:root:Episode number: 156.00
CRITICAL:root:Episode number: 157.00
CRITICAL:root:Episode number: 158.00
CRITICAL:root:Episode number: 159.00
CRITICAL:root:Episode number: 160.00
CRITICAL:root:Running reward = 626.15 at episode 160. Loss = -88.14
CRITICAL:root:Episode number: 161.00
CRITICAL:root:Episode number: 162.00
CRITICAL:root:Episode number: 163.00
CRITICAL:root:Episode number: 164.00
CRITICAL:root:Episode number: 165.00
CRITICAL:root:Running reward = 622.51 at episode 165. Loss = -102.19
CRITICAL:root:Episode number: 166.00
CRITICAL:root:Episode number: 167.00
CRITICAL:root:Episode number: 168.00
CRITICAL:root:Episode number: 169.00
CRITICAL:root:Episode number: 170.00
CRITICAL:root:Running reward = 604.29 at episode 170. Loss = -78.06
CRITICAL:root:Episode number: 171.00
CRITICAL:root:Episode number: 172.00
CRITICAL:root:Episode number: 173.00
CRITICAL:root:Episode number: 174.00
CRITICAL:root:Episode number: 175.00
CRITICAL:root:Running reward = 617.98 at episode 175. Loss = -71.34
CRITICAL:root:Episode number: 176.00
CRITICAL:root:Episode number: 177.00
CRITICAL:root:Episode number: 178.00
CRITICAL:root:Episode number: 179.00
CRITICAL:root:Episode number: 180.00
CRITICAL:root:Running reward = 584.42 at episode 180. Loss = -103.01
CRITICAL:root:Episode number: 181.00
CRITICAL:root:Episode number: 182.00
CRITICAL:root:Episode number: 183.00
CRITICAL:root:Episode number: 184.00
CRITICAL:root:Episode number: 185.00
CRITICAL:root:Running reward = 610.86 at episode 185. Loss = -73.61
CRITICAL:root:Episode number: 186.00
CRITICAL:root:Episode number: 187.00
CRITICAL:root:Episode number: 188.00
CRITICAL:root:Episode number: 189.00
CRITICAL:root:Episode number: 190.00
CRITICAL:root:Running reward = 613.59 at episode 190. Loss = -111.36
CRITICAL:root:Episode number: 191.00
CRITICAL:root:Episode number: 192.00
CRITICAL:root:Episode number: 193.00
CRITICAL:root:Episode number: 194.00
CRITICAL:root:Episode number: 195.00
CRITICAL:root:Running reward = 620.51 at episode 195. Loss = -76.37
CRITICAL:root:Episode number: 196.00
CRITICAL:root:Episode number: 197.00
CRITICAL:root:Episode number: 198.00
CRITICAL:root:Episode number: 199.00
CRITICAL:root:Episode number: 200.00
CRITICAL:root:Running reward = 616.27 at episode 200. Loss = -102.99
CRITICAL:root:Episode number: 201.00
CRITICAL:root:Episode number: 202.00
CRITICAL:root:Episode number: 203.00
CRITICAL:root:Episode number: 204.00
CRITICAL:root:Episode number: 205.00
CRITICAL:root:Running reward = 640.30 at episode 205. Loss = -79.13
CRITICAL:root:Episode number: 206.00
CRITICAL:root:Episode number: 207.00
CRITICAL:root:Episode number: 208.00
CRITICAL:root:Episode number: 209.00
CRITICAL:root:Episode number: 210.00
CRITICAL:root:Running reward = 638.31 at episode 210. Loss = -115.84
CRITICAL:root:Episode number: 211.00
CRITICAL:root:Episode number: 212.00
CRITICAL:root:Episode number: 213.00
CRITICAL:root:Episode number: 214.00
CRITICAL:root:Episode number: 215.00
CRITICAL:root:Running reward = 673.08 at episode 215. Loss = -92.81
CRITICAL:root:Episode number: 216.00
CRITICAL:root:Episode number: 217.00
CRITICAL:root:Episode number: 218.00
CRITICAL:root:Episode number: 219.00
CRITICAL:root:Episode number: 220.00
CRITICAL:root:Running reward = 645.92 at episode 220. Loss = -116.28
CRITICAL:root:Episode number: 221.00
CRITICAL:root:Episode number: 222.00
CRITICAL:root:Episode number: 223.00
CRITICAL:root:Episode number: 224.00
CRITICAL:root:Episode number: 225.00
CRITICAL:root:Running reward = 648.54 at episode 225. Loss = -93.88
CRITICAL:root:Episode number: 226.00
CRITICAL:root:Episode number: 227.00
CRITICAL:root:Episode number: 228.00
CRITICAL:root:Episode number: 229.00
CRITICAL:root:Episode number: 230.00
CRITICAL:root:Running reward = 647.69 at episode 230. Loss = -122.70
CRITICAL:root:Episode number: 231.00
CRITICAL:root:Episode number: 232.00
CRITICAL:root:Episode number: 233.00
CRITICAL:root:Episode number: 234.00
CRITICAL:root:Episode number: 235.00
CRITICAL:root:Running reward = 650.97 at episode 235. Loss = -92.91
CRITICAL:root:Episode number: 236.00
CRITICAL:root:Episode number: 237.00
CRITICAL:root:Episode number: 238.00
CRITICAL:root:Episode number: 239.00
CRITICAL:root:Episode number: 240.00
CRITICAL:root:Running reward = 677.56 at episode 240. Loss = -95.33
CRITICAL:root:Episode number: 241.00
CRITICAL:root:Episode number: 242.00
CRITICAL:root:Episode number: 243.00
CRITICAL:root:Episode number: 244.00
CRITICAL:root:Episode number: 245.00
CRITICAL:root:Running reward = 643.22 at episode 245. Loss = -104.77
CRITICAL:root:Episode number: 246.00
CRITICAL:root:Episode number: 247.00
CRITICAL:root:Collision. At episode 247.000000
CRITICAL:root:Episode number: 248.00
CRITICAL:root:Episode number: 249.00
CRITICAL:root:Episode number: 250.00
CRITICAL:root:Running reward = 608.67 at episode 250. Loss = -118.32
CRITICAL:root:Episode number: 251.00
CRITICAL:root:Episode number: 252.00
CRITICAL:root:Episode number: 253.00
CRITICAL:root:Episode number: 254.00
CRITICAL:root:Episode number: 255.00
CRITICAL:root:Running reward = 575.85 at episode 255. Loss = -125.50
CRITICAL:root:Episode number: 256.00
CRITICAL:root:Episode number: 257.00
CRITICAL:root:Episode number: 258.00
CRITICAL:root:Episode number: 259.00
CRITICAL:root:Episode number: 260.00
